<?xml version="1.0" encoding="UTF-8"?>
<!-- Generated by org.testng.reporters.JUnitReportReporter -->
<testsuite hostname="AdarshMP" failures="0" tests="1" name="Maven.MavenP124" time="0.019" errors="0" timestamp="2024-03-18T17:22:24 IST" skipped="0">
  <testcase classname="Maven.MavenP124" name="p2test" time="0.019"/>
</testsuite> <!-- Maven.MavenP124 -->
