<?xml version="1.0" encoding="UTF-8"?>
<!-- Generated by org.testng.reporters.JUnitReportReporter -->
<testsuite hostname="AdarshMP" failures="0" tests="1" name="Maven1.MavenPractice" time="0.019" errors="0" timestamp="2024-03-26T19:36:42 IST" skipped="0">
  <testcase classname="Maven1.MavenPractice" name="test" time="0.019"/>
</testsuite> <!-- Maven1.MavenPractice -->
