<?xml version="1.0" encoding="UTF-8"?>
<!-- Generated by org.testng.reporters.JUnitReportReporter -->
<testsuite hostname="AdarshMP" failures="0" tests="1" name="Maven.MavenP24" time="0.018" errors="0" timestamp="2024-03-18T19:49:51 IST" skipped="0">
  <testcase classname="Maven.MavenP24" name="P1test" time="0.018"/>
</testsuite> <!-- Maven.MavenP24 -->
