<?xml version="1.0" encoding="UTF-8"?>
<!-- Generated by org.testng.reporters.JUnitReportReporter -->
<testsuite hostname="AdarshMP" failures="0" tests="1" name="Maven.MavenP24" time="0.012" errors="0" timestamp="2024-03-18T17:11:58 IST" skipped="0">
  <testcase classname="Maven.MavenP24" name="P1test" time="0.012"/>
</testsuite> <!-- Maven.MavenP24 -->
